nohup: 입력 무시
Watching for file changes with StatReloader
/workspace/py_django/projects/mysite/pybo/models.py changed, reloading.
Performing system checks...

System check identified no issues (0 silenced).
May 08, 2023 - 16:27:13
Django version 4.0.3, using settings 'config.settings'
Starting development server at http://0:8000/
Quit the server with CONTROL-C.
Watching for file changes with StatReloader
[08/May/2023 16:29:37] "GET / HTTP/1.1" 200 7899
[08/May/2023 16:29:39] "GET /pybo/202/ HTTP/1.1" 200 2762
[08/May/2023 16:29:47] "GET /admin/ HTTP/1.1" 200 7157
[08/May/2023 16:29:49] "GET /admin/pybo/answer/ HTTP/1.1" 200 7046
[08/May/2023 16:29:49] "GET /admin/jsi18n/ HTTP/1.1" 200 8911
[08/May/2023 16:29:51] "GET /admin/pybo/answer/3/change/ HTTP/1.1" 200 22852
[08/May/2023 16:29:51] "GET /static/admin/css/forms.css HTTP/1.1" 200 8878
[08/May/2023 16:29:51] "GET /static/admin/js/calendar.js HTTP/1.1" 200 8466
[08/May/2023 16:29:51] "GET /admin/jsi18n/ HTTP/1.1" 200 8911
[08/May/2023 16:29:51] "GET /static/admin/css/widgets.css HTTP/1.1" 200 11097
[08/May/2023 16:29:51] "GET /static/admin/js/admin/DateTimeShortcuts.js HTTP/1.1" 200 19634
[08/May/2023 16:29:51] "GET /static/admin/js/prepopulate_init.js HTTP/1.1" 200 492
[08/May/2023 16:29:51] "GET /static/admin/js/change_form.js HTTP/1.1" 200 606
[08/May/2023 16:29:52] "GET /static/admin/img/icon-calendar.svg HTTP/1.1" 200 1086
[08/May/2023 16:29:52] "GET /static/admin/img/icon-clock.svg HTTP/1.1" 200 677
[08/May/2023 16:29:55] "GET /admin/pybo/answer/ HTTP/1.1" 200 7046
[08/May/2023 16:29:56] "GET /admin/ HTTP/1.1" 200 7157
/workspace/py_django/projects/mysite/pybo/views.py changed, reloading.
Performing system checks...

System check identified no issues (0 silenced).
May 08, 2023 - 16:28:58
Django version 4.0.3, using settings 'config.settings'
Starting development server at http://0:8000/
Quit the server with CONTROL-C.
Watching for file changes with StatReloader
/workspace/py_django/projects/mysite/pybo/views.py changed, reloading.
Performing system checks...

System check identified no issues (0 silenced).
May 08, 2023 - 16:31:26
Django version 4.0.3, using settings 'config.settings'
Starting development server at http://0:8000/
Quit the server with CONTROL-C.
Watching for file changes with StatReloader
/workspace/py_django/projects/mysite/pybo/views.py changed, reloading.
Performing system checks...

System check identified no issues (0 silenced).
May 08, 2023 - 16:31:39
Django version 4.0.3, using settings 'config.settings'
Starting development server at http://0:8000/
Quit the server with CONTROL-C.
Watching for file changes with StatReloader
/workspace/py_django/projects/mysite/pybo/views.py changed, reloading.
Performing system checks...

System check identified no issues (0 silenced).
May 08, 2023 - 16:32:47
Django version 4.0.3, using settings 'config.settings'
Starting development server at http://0:8000/
Quit the server with CONTROL-C.
Watching for file changes with StatReloader
[08/May/2023 16:36:07] "GET / HTTP/1.1" 200 7899
[08/May/2023 16:36:09] "GET /pybo/200/ HTTP/1.1" 200 2762
[08/May/2023 16:36:12] "GET /common/logout/ HTTP/1.1" 302 0
[08/May/2023 16:36:13] "GET / HTTP/1.1" 200 7957
[08/May/2023 16:36:16] "GET /pybo/question/creat/ HTTP/1.1" 302 0
[08/May/2023 16:36:16] "GET /common/login/?next=/pybo/question/creat/ HTTP/1.1" 200 2347
[08/May/2023 16:36:18] "GET /pybo/ HTTP/1.1" 200 7957
[08/May/2023 16:36:19] "GET /pybo/200/ HTTP/1.1" 200 2820
[08/May/2023 16:36:22] "POST /pybo/answer/create/200/ HTTP/1.1" 302 0
[08/May/2023 16:36:22] "GET /common/login/?next=/pybo/answer/create/200/ HTTP/1.1" 200 2347
[08/May/2023 16:36:23] "GET /pybo/ HTTP/1.1" 200 7957
[08/May/2023 16:37:47] "GET /pybo/question/creat/ HTTP/1.1" 302 0
[08/May/2023 16:37:47] "GET /common/login/?next=/pybo/question/creat/ HTTP/1.1" 200 2413
[08/May/2023 16:37:53] "POST /common/login/ HTTP/1.1" 302 0
[08/May/2023 16:37:53] "GET /pybo/question/creat/ HTTP/1.1" 200 2475
[08/May/2023 16:45:55] "GET /pybo/question/creat/ HTTP/1.1" 200 2465
[08/May/2023 16:45:56] "GET /pybo/ HTTP/1.1" 200 7901
[08/May/2023 16:45:57] "GET /pybo/202/ HTTP/1.1" 200 2820
[08/May/2023 16:45:59] "GET /common/logout/ HTTP/1.1" 302 0
[08/May/2023 16:45:59] "GET / HTTP/1.1" 200 7957
[08/May/2023 16:46:01] "GET /pybo/202/ HTTP/1.1" 200 2884
[08/May/2023 16:46:09] "GET /common/login/ HTTP/1.1" 200 2392
[08/May/2023 16:46:17] "POST /common/login/ HTTP/1.1" 302 0
[08/May/2023 16:46:19] "GET / HTTP/1.1" 200 7899
[08/May/2023 16:46:20] "GET /pybo/202/ HTTP/1.1" 200 2818
[08/May/2023 16:46:23] "GET /pybo/ HTTP/1.1" 200 7899
[08/May/2023 16:46:25] "GET /pybo/?page=6 HTTP/1.1" 200 8645
[08/May/2023 16:46:26] "GET /pybo/?page=10 HTTP/1.1" 200 8654
[08/May/2023 16:46:27] "GET /pybo/?page=15 HTTP/1.1" 200 8645
[08/May/2023 16:46:28] "GET /pybo/?page=20 HTTP/1.1" 200 7999
[08/May/2023 16:46:29] "GET /pybo/3/ HTTP/1.1" 200 2816
[08/May/2023 16:46:31] "GET /common/logout/ HTTP/1.1" 302 0
[08/May/2023 16:46:31] "GET / HTTP/1.1" 200 7957
[08/May/2023 16:46:33] "GET /pybo/question/creat/ HTTP/1.1" 302 0
[08/May/2023 16:46:33] "GET /common/login/?next=/pybo/question/creat/ HTTP/1.1" 200 2413
[08/May/2023 16:46:42] "POST /common/login/ HTTP/1.1" 302 0
[08/May/2023 16:46:42] "GET /pybo/question/creat/ HTTP/1.1" 200 2463
[08/May/2023 16:46:51] "GET /common/logout/ HTTP/1.1" 302 0
[08/May/2023 16:46:52] "GET / HTTP/1.1" 200 7957
[08/May/2023 16:46:53] "GET /common/login/ HTTP/1.1" 200 2392
[08/May/2023 16:46:59] "POST /common/login/ HTTP/1.1" 302 0
[08/May/2023 16:46:59] "GET / HTTP/1.1" 200 7901
[08/May/2023 16:47:00] "GET /pybo/question/creat/ HTTP/1.1" 200 2465
[08/May/2023 16:47:09] "POST /pybo/question/creat/ HTTP/1.1" 302 0
[08/May/2023 16:47:10] "GET /pybo/ HTTP/1.1" 200 7887
[08/May/2023 16:47:13] "GET /pybo/203/ HTTP/1.1" 200 2809
[08/May/2023 16:47:19] "POST /pybo/answer/create/203/ HTTP/1.1" 302 0
[08/May/2023 16:47:20] "GET /pybo/203/ HTTP/1.1" 200 3193
[08/May/2023 16:47:22] "GET /common/logout/ HTTP/1.1" 302 0
[08/May/2023 16:47:22] "GET / HTTP/1.1" 200 8030
[08/May/2023 16:47:23] "GET /pybo/203/ HTTP/1.1" 200 3257
/workspace/py_django/projects/mysite/pybo/views.py changed, reloading.
Performing system checks...

System check identified no issues (0 silenced).
May 08, 2023 - 16:35:56
Django version 4.0.3, using settings 'config.settings'
Starting development server at http://0:8000/
Quit the server with CONTROL-C.
Watching for file changes with StatReloader
/workspace/py_django/projects/mysite/pybo/views.py changed, reloading.
Performing system checks...

System check identified no issues (0 silenced).
May 08, 2023 - 16:48:58
Django version 4.0.3, using settings 'config.settings'
Starting development server at http://0:8000/
Quit the server with CONTROL-C.
Watching for file changes with StatReloader
[08/May/2023 16:49:39] "POST /pybo/answer/create/203/ HTTP/1.1" 302 0
[08/May/2023 16:49:39] "GET /common/login/?next=/pybo/answer/create/203/ HTTP/1.1" 200 2416
[08/May/2023 16:49:45] "POST /common/login/ HTTP/1.1" 302 0
[08/May/2023 16:49:45] "GET /pybo/answer/create/203/ HTTP/1.1" 200 3191
[08/May/2023 16:52:11] "GET /pybo/ HTTP/1.1" 200 8408
[08/May/2023 16:52:49] "GET /pybo/ HTTP/1.1" 200 8408
[08/May/2023 16:52:51] "GET /pybo/?page=2 HTTP/1.1" 200 8451
[08/May/2023 16:52:52] "GET /pybo/?page=1 HTTP/1.1" 200 8408
[08/May/2023 16:54:18] "GET /pybo/203/ HTTP/1.1" 200 3276
[08/May/2023 16:55:39] "GET /pybo/203/ HTTP/1.1" 200 3350
[08/May/2023 16:55:49] "GET /pybo/203/ HTTP/1.1" 200 3361
